<?xml version="1.0" encoding="UTF-8"?>
<testng-results ignored="0" total="1" passed="1" failed="0" skipped="0">
  <reporter-output>
  </reporter-output>
  <suite started-at="2024-08-08T10:47:26 IST" name="Default suite" finished-at="2024-08-08T10:47:43 IST" duration-ms="17538">
    <groups>
    </groups>
    <test started-at="2024-08-08T10:47:26 IST" name="Default test" finished-at="2024-08-08T10:47:43 IST" duration-ms="17538">
      <class name="test.TC001_Signup">
        <test-method is-config="true" signature="setup()[pri:0, instance:test.TC001_Signup@131ef10]" started-at="2024-08-08T10:47:26 IST" name="setup" finished-at="2024-08-08T10:47:26 IST" duration-ms="28" status="PASS">
          <reporter-output>
          </reporter-output>
        </test-method> <!-- setup -->
        <test-method is-config="true" signature="launchingBrowser()[pri:0, instance:test.TC001_Signup@131ef10]" started-at="2024-08-08T10:47:26 IST" name="launchingBrowser" finished-at="2024-08-08T10:47:33 IST" duration-ms="7025" status="PASS">
          <reporter-output>
          </reporter-output>
        </test-method> <!-- launchingBrowser -->
        <test-method signature="Cart_Page_Validation()[pri:0, instance:test.TC001_Signup@131ef10]" started-at="2024-08-08T10:47:33 IST" name="Cart_Page_Validation" finished-at="2024-08-08T10:47:43 IST" duration-ms="10191" status="PASS">
          <reporter-output>
          </reporter-output>
        </test-method> <!-- Cart_Page_Validation -->
        <test-method is-config="true" signature="closeBrowser()[pri:0, instance:test.TC001_Signup@131ef10]" started-at="2024-08-08T10:47:43 IST" name="closeBrowser" finished-at="2024-08-08T10:47:43 IST" duration-ms="208" status="PASS">
          <reporter-output>
          </reporter-output>
        </test-method> <!-- closeBrowser -->
      </class> <!-- test.TC001_Signup -->
    </test> <!-- Default test -->
  </suite> <!-- Default suite -->
</testng-results>
